The target system is: Linux -  - armv7l
The host system is: Linux - 3.13.0-93-generic - x86_64
Compiling the C compiler identification source file "CMakeCCompilerId.c" succeeded.
Compiler: /home/naveen/workspace/ML_03/buildroot-wpe/output/host/usr/bin/arm-buildroot-linux-gnueabihf-gcc 
Build flags: -D_LARGEFILE_SOURCE;-D_LARGEFILE64_SOURCE;-D_FILE_OFFSET_BITS=64;-Os;
Id flags: 

The output was:
0


Compilation of the C compiler identification source "CMakeCCompilerId.c" produced "a.out"

The C compiler identification is GNU, found in "/home/naveen/workspace/ML_03/buildroot-wpe/output/build/wpe-9d4c9c472778d89386fa3533f95f6b8e8c203894/build-Release/CMakeFiles/3.5.2/CompilerIdC/a.out"

Compiling the CXX compiler identification source file "CMakeCXXCompilerId.cpp" succeeded.
Compiler: /home/naveen/workspace/ML_03/buildroot-wpe/output/host/usr/bin/arm-buildroot-linux-gnueabihf-g++ 
Build flags: -D_LARGEFILE_SOURCE;-D_LARGEFILE64_SOURCE;-D_FILE_OFFSET_BITS=64;-Os;
Id flags: 

The output was:
0


Compilation of the CXX compiler identification source "CMakeCXXCompilerId.cpp" produced "a.out"

The CXX compiler identification is GNU, found in "/home/naveen/workspace/ML_03/buildroot-wpe/output/build/wpe-9d4c9c472778d89386fa3533f95f6b8e8c203894/build-Release/CMakeFiles/3.5.2/CompilerIdCXX/a.out"

Determining if the C compiler works passed with the following output:
Change Dir: /home/naveen/workspace/ML_03/buildroot-wpe/output/build/wpe-9d4c9c472778d89386fa3533f95f6b8e8c203894/build-Release/CMakeFiles/CMakeTmp

Run Build Command:"/home/naveen/workspace/ML_03/buildroot-wpe/output/host/usr/bin/ninja" "cmTC_fccb4"
[1/2] Building C object CMakeFiles/cmTC_fccb4.dir/testCCompiler.c.o
[2/2] Linking C executable cmTC_fccb4


Detecting C compiler ABI info compiled with the following output:
Change Dir: /home/naveen/workspace/ML_03/buildroot-wpe/output/build/wpe-9d4c9c472778d89386fa3533f95f6b8e8c203894/build-Release/CMakeFiles/CMakeTmp

Run Build Command:"/home/naveen/workspace/ML_03/buildroot-wpe/output/host/usr/bin/ninja" "cmTC_55dcc"
[1/2] Building C object CMakeFiles/cmTC_55dcc.dir/CMakeCCompilerABI.c.o
[2/2] Linking C executable cmTC_55dcc
Using built-in specs.
COLLECT_GCC=/home/naveen/workspace/ML_03/buildroot-wpe/output/host/usr/bin/arm-buildroot-linux-gnueabihf-gcc.br_real
COLLECT_LTO_WRAPPER=/home/naveen/workspace/ML_03/buildroot-wpe/output/host/usr/libexec/gcc/arm-buildroot-linux-gnueabihf/4.9.3/lto-wrapper
Target: arm-buildroot-linux-gnueabihf
Configured with: ./configure --prefix=/home/naveen/workspace/ML_03/buildroot-wpe/output/host/usr --sysconfdir=/home/naveen/workspace/ML_03/buildroot-wpe/output/host/etc --enable-static --target=arm-buildroot-linux-gnueabihf --with-sysroot=/home/naveen/workspace/ML_03/buildroot-wpe/output/host/usr/arm-buildroot-linux-gnueabihf/sysroot --disable-__cxa_atexit --with-gnu-ld --disable-libssp --disable-multilib --with-gmp=/home/naveen/workspace/ML_03/buildroot-wpe/output/host/usr --with-mpfr=/home/naveen/workspace/ML_03/buildroot-wpe/output/host/usr --with-pkgversion='Buildroot 2016.08-git-08631-ge5cafd0' --with-bugurl=http://bugs.buildroot.net/ --disable-libquadmath --enable-tls --disable-libmudflap --enable-threads --with-mpc=/home/naveen/workspace/ML_03/buildroot-wpe/output/host/usr --without-isl --without-cloog --disable-decimal-float --with-abi=aapcs-linux --with-cpu=cortex-a7 --with-fpu=neon-vfpv4 --with-float=hard --with-mode=thumb --enable-languages=c,c++ --with-build-time-tools=/home/naveen/workspace/ML_03/buildroot-wpe/output/host/usr/arm-buildroot-linux-gnueabihf/bin --enable-shared --disable-libgomp
Thread model: posix
gcc version 4.9.3 (Buildroot 2016.08-git-08631-ge5cafd0) 
COMPILER_PATH=/home/naveen/workspace/ML_03/buildroot-wpe/output/host/usr/libexec/gcc/arm-buildroot-linux-gnueabihf/4.9.3/:/home/naveen/workspace/ML_03/buildroot-wpe/output/host/usr/libexec/gcc/arm-buildroot-linux-gnueabihf/4.9.3/:/home/naveen/workspace/ML_03/buildroot-wpe/output/host/usr/libexec/gcc/arm-buildroot-linux-gnueabihf/:/home/naveen/workspace/ML_03/buildroot-wpe/output/host/usr/lib/gcc/arm-buildroot-linux-gnueabihf/4.9.3/:/home/naveen/workspace/ML_03/buildroot-wpe/output/host/usr/lib/gcc/arm-buildroot-linux-gnueabihf/:/home/naveen/workspace/ML_03/buildroot-wpe/output/host/usr/lib/gcc/arm-buildroot-linux-gnueabihf/4.9.3/../../../../arm-buildroot-linux-gnueabihf/bin/
LIBRARY_PATH=/home/naveen/workspace/ML_03/buildroot-wpe/output/host/usr/lib/gcc/arm-buildroot-linux-gnueabihf/4.9.3/:/home/naveen/workspace/ML_03/buildroot-wpe/output/host/usr/lib/gcc/arm-buildroot-linux-gnueabihf/4.9.3/../../../../arm-buildroot-linux-gnueabihf/lib/:/home/naveen/workspace/ML_03/buildroot-wpe/output/host/usr/arm-buildroot-linux-gnueabihf/sysroot/lib/:/home/naveen/workspace/ML_03/buildroot-wpe/output/host/usr/arm-buildroot-linux-gnueabihf/sysroot/usr/lib/
COLLECT_GCC_OPTIONS='-D' '_LARGEFILE_SOURCE' '-D' '_LARGEFILE64_SOURCE' '-D' '_FILE_OFFSET_BITS=64' '-Os' '-v' '-o' 'cmTC_55dcc' '-rdynamic' '-mcpu=cortex-a7' '-mfloat-abi=hard' '-mfpu=neon-vfpv4' '-mabi=aapcs-linux' '-mthumb' '-mtls-dialect=gnu'
 /home/naveen/workspace/ML_03/buildroot-wpe/output/host/usr/libexec/gcc/arm-buildroot-linux-gnueabihf/4.9.3/collect2 -plugin /home/naveen/workspace/ML_03/buildroot-wpe/output/host/usr/libexec/gcc/arm-buildroot-linux-gnueabihf/4.9.3/liblto_plugin.so -plugin-opt=/home/naveen/workspace/ML_03/buildroot-wpe/output/host/usr/libexec/gcc/arm-buildroot-linux-gnueabihf/4.9.3/lto-wrapper -plugin-opt=-fresolution=/tmp/cckMNIPK.res -plugin-opt=-pass-through=-lgcc -plugin-opt=-pass-through=-lgcc_s -plugin-opt=-pass-through=-lc -plugin-opt=-pass-through=-lgcc -plugin-opt=-pass-through=-lgcc_s --sysroot=/home/naveen/workspace/ML_03/buildroot-wpe/output/host/usr/arm-buildroot-linux-gnueabihf/sysroot --eh-frame-hdr -export-dynamic -dynamic-linker /lib/ld-linux-armhf.so.3 -X -m armelf_linux_eabi -o cmTC_55dcc /home/naveen/workspace/ML_03/buildroot-wpe/output/host/usr/arm-buildroot-linux-gnueabihf/sysroot/usr/lib/crt1.o /home/naveen/workspace/ML_03/buildroot-wpe/output/host/usr/arm-buildroot-linux-gnueabihf/sysroot/usr/lib/crti.o /home/naveen/workspace/ML_03/buildroot-wpe/output/host/usr/lib/gcc/arm-buildroot-linux-gnueabihf/4.9.3/crtbegin.o -L/home/naveen/workspace/ML_03/buildroot-wpe/output/host/usr/lib/gcc/arm-buildroot-linux-gnueabihf/4.9.3 -L/home/naveen/workspace/ML_03/buildroot-wpe/output/host/usr/lib/gcc/arm-buildroot-linux-gnueabihf/4.9.3/../../../../arm-buildroot-linux-gnueabihf/lib -L/home/naveen/workspace/ML_03/buildroot-wpe/output/host/usr/arm-buildroot-linux-gnueabihf/sysroot/lib -L/home/naveen/workspace/ML_03/buildroot-wpe/output/host/usr/arm-buildroot-linux-gnueabihf/sysroot/usr/lib CMakeFiles/cmTC_55dcc.dir/CMakeCCompilerABI.c.o -lgcc --as-needed -lgcc_s --no-as-needed -lc -lgcc --as-needed -lgcc_s --no-as-needed /home/naveen/workspace/ML_03/buildroot-wpe/output/host/usr/lib/gcc/arm-buildroot-linux-gnueabihf/4.9.3/crtend.o /home/naveen/workspace/ML_03/buildroot-wpe/output/host/usr/arm-buildroot-linux-gnueabihf/sysroot/usr/lib/crtn.o


Parsed C implicit link information from above output:
  link line regex: [^( *|.*[/\])(arm-buildroot-linux-gnueabihf-ld|([^/\]+-)?ld|collect2)[^/\]*( |$)]
  ignore line: [Change Dir: /home/naveen/workspace/ML_03/buildroot-wpe/output/build/wpe-9d4c9c472778d89386fa3533f95f6b8e8c203894/build-Release/CMakeFiles/CMakeTmp]
  ignore line: []
  ignore line: [Run Build Command:"/home/naveen/workspace/ML_03/buildroot-wpe/output/host/usr/bin/ninja" "cmTC_55dcc"]
  ignore line: [[1/2] Building C object CMakeFiles/cmTC_55dcc.dir/CMakeCCompilerABI.c.o]
  ignore line: [[2/2] Linking C executable cmTC_55dcc]
  ignore line: [Using built-in specs.]
  ignore line: [COLLECT_GCC=/home/naveen/workspace/ML_03/buildroot-wpe/output/host/usr/bin/arm-buildroot-linux-gnueabihf-gcc.br_real]
  ignore line: [COLLECT_LTO_WRAPPER=/home/naveen/workspace/ML_03/buildroot-wpe/output/host/usr/libexec/gcc/arm-buildroot-linux-gnueabihf/4.9.3/lto-wrapper]
  ignore line: [Target: arm-buildroot-linux-gnueabihf]
  ignore line: [Configured with: ./configure --prefix=/home/naveen/workspace/ML_03/buildroot-wpe/output/host/usr --sysconfdir=/home/naveen/workspace/ML_03/buildroot-wpe/output/host/etc --enable-static --target=arm-buildroot-linux-gnueabihf --with-sysroot=/home/naveen/workspace/ML_03/buildroot-wpe/output/host/usr/arm-buildroot-linux-gnueabihf/sysroot --disable-__cxa_atexit --with-gnu-ld --disable-libssp --disable-multilib --with-gmp=/home/naveen/workspace/ML_03/buildroot-wpe/output/host/usr --with-mpfr=/home/naveen/workspace/ML_03/buildroot-wpe/output/host/usr --with-pkgversion='Buildroot 2016.08-git-08631-ge5cafd0' --with-bugurl=http://bugs.buildroot.net/ --disable-libquadmath --enable-tls --disable-libmudflap --enable-threads --with-mpc=/home/naveen/workspace/ML_03/buildroot-wpe/output/host/usr --without-isl --without-cloog --disable-decimal-float --with-abi=aapcs-linux --with-cpu=cortex-a7 --with-fpu=neon-vfpv4 --with-float=hard --with-mode=thumb --enable-languages=c,c++ --with-build-time-tools=/home/naveen/workspace/ML_03/buildroot-wpe/output/host/usr/arm-buildroot-linux-gnueabihf/bin --enable-shared --disable-libgomp]
  ignore line: [Thread model: posix]
  ignore line: [gcc version 4.9.3 (Buildroot 2016.08-git-08631-ge5cafd0) ]
  ignore line: [COMPILER_PATH=/home/naveen/workspace/ML_03/buildroot-wpe/output/host/usr/libexec/gcc/arm-buildroot-linux-gnueabihf/4.9.3/:/home/naveen/workspace/ML_03/buildroot-wpe/output/host/usr/libexec/gcc/arm-buildroot-linux-gnueabihf/4.9.3/:/home/naveen/workspace/ML_03/buildroot-wpe/output/host/usr/libexec/gcc/arm-buildroot-linux-gnueabihf/:/home/naveen/workspace/ML_03/buildroot-wpe/output/host/usr/lib/gcc/arm-buildroot-linux-gnueabihf/4.9.3/:/home/naveen/workspace/ML_03/buildroot-wpe/output/host/usr/lib/gcc/arm-buildroot-linux-gnueabihf/:/home/naveen/workspace/ML_03/buildroot-wpe/output/host/usr/lib/gcc/arm-buildroot-linux-gnueabihf/4.9.3/../../../../arm-buildroot-linux-gnueabihf/bin/]
  ignore line: [LIBRARY_PATH=/home/naveen/workspace/ML_03/buildroot-wpe/output/host/usr/lib/gcc/arm-buildroot-linux-gnueabihf/4.9.3/:/home/naveen/workspace/ML_03/buildroot-wpe/output/host/usr/lib/gcc/arm-buildroot-linux-gnueabihf/4.9.3/../../../../arm-buildroot-linux-gnueabihf/lib/:/home/naveen/workspace/ML_03/buildroot-wpe/output/host/usr/arm-buildroot-linux-gnueabihf/sysroot/lib/:/home/naveen/workspace/ML_03/buildroot-wpe/output/host/usr/arm-buildroot-linux-gnueabihf/sysroot/usr/lib/]
  ignore line: [COLLECT_GCC_OPTIONS='-D' '_LARGEFILE_SOURCE' '-D' '_LARGEFILE64_SOURCE' '-D' '_FILE_OFFSET_BITS=64' '-Os' '-v' '-o' 'cmTC_55dcc' '-rdynamic' '-mcpu=cortex-a7' '-mfloat-abi=hard' '-mfpu=neon-vfpv4' '-mabi=aapcs-linux' '-mthumb' '-mtls-dialect=gnu']
  link line: [ /home/naveen/workspace/ML_03/buildroot-wpe/output/host/usr/libexec/gcc/arm-buildroot-linux-gnueabihf/4.9.3/collect2 -plugin /home/naveen/workspace/ML_03/buildroot-wpe/output/host/usr/libexec/gcc/arm-buildroot-linux-gnueabihf/4.9.3/liblto_plugin.so -plugin-opt=/home/naveen/workspace/ML_03/buildroot-wpe/output/host/usr/libexec/gcc/arm-buildroot-linux-gnueabihf/4.9.3/lto-wrapper -plugin-opt=-fresolution=/tmp/cckMNIPK.res -plugin-opt=-pass-through=-lgcc -plugin-opt=-pass-through=-lgcc_s -plugin-opt=-pass-through=-lc -plugin-opt=-pass-through=-lgcc -plugin-opt=-pass-through=-lgcc_s --sysroot=/home/naveen/workspace/ML_03/buildroot-wpe/output/host/usr/arm-buildroot-linux-gnueabihf/sysroot --eh-frame-hdr -export-dynamic -dynamic-linker /lib/ld-linux-armhf.so.3 -X -m armelf_linux_eabi -o cmTC_55dcc /home/naveen/workspace/ML_03/buildroot-wpe/output/host/usr/arm-buildroot-linux-gnueabihf/sysroot/usr/lib/crt1.o /home/naveen/workspace/ML_03/buildroot-wpe/output/host/usr/arm-buildroot-linux-gnueabihf/sysroot/usr/lib/crti.o /home/naveen/workspace/ML_03/buildroot-wpe/output/host/usr/lib/gcc/arm-buildroot-linux-gnueabihf/4.9.3/crtbegin.o -L/home/naveen/workspace/ML_03/buildroot-wpe/output/host/usr/lib/gcc/arm-buildroot-linux-gnueabihf/4.9.3 -L/home/naveen/workspace/ML_03/buildroot-wpe/output/host/usr/lib/gcc/arm-buildroot-linux-gnueabihf/4.9.3/../../../../arm-buildroot-linux-gnueabihf/lib -L/home/naveen/workspace/ML_03/buildroot-wpe/output/host/usr/arm-buildroot-linux-gnueabihf/sysroot/lib -L/home/naveen/workspace/ML_03/buildroot-wpe/output/host/usr/arm-buildroot-linux-gnueabihf/sysroot/usr/lib CMakeFiles/cmTC_55dcc.dir/CMakeCCompilerABI.c.o -lgcc --as-needed -lgcc_s --no-as-needed -lc -lgcc --as-needed -lgcc_s --no-as-needed /home/naveen/workspace/ML_03/buildroot-wpe/output/host/usr/lib/gcc/arm-buildroot-linux-gnueabihf/4.9.3/crtend.o /home/naveen/workspace/ML_03/buildroot-wpe/output/host/usr/arm-buildroot-linux-gnueabihf/sysroot/usr/lib/crtn.o]
    arg [/home/naveen/workspace/ML_03/buildroot-wpe/output/host/usr/libexec/gcc/arm-buildroot-linux-gnueabihf/4.9.3/collect2] ==> ignore
    arg [-plugin] ==> ignore
    arg [/home/naveen/workspace/ML_03/buildroot-wpe/output/host/usr/libexec/gcc/arm-buildroot-linux-gnueabihf/4.9.3/liblto_plugin.so] ==> ignore
    arg [-plugin-opt=/home/naveen/workspace/ML_03/buildroot-wpe/output/host/usr/libexec/gcc/arm-buildroot-linux-gnueabihf/4.9.3/lto-wrapper] ==> ignore
    arg [-plugin-opt=-fresolution=/tmp/cckMNIPK.res] ==> ignore
    arg [-plugin-opt=-pass-through=-lgcc] ==> ignore
    arg [-plugin-opt=-pass-through=-lgcc_s] ==> ignore
    arg [-plugin-opt=-pass-through=-lc] ==> ignore
    arg [-plugin-opt=-pass-through=-lgcc] ==> ignore
    arg [-plugin-opt=-pass-through=-lgcc_s] ==> ignore
    arg [--sysroot=/home/naveen/workspace/ML_03/buildroot-wpe/output/host/usr/arm-buildroot-linux-gnueabihf/sysroot] ==> ignore
    arg [--eh-frame-hdr] ==> ignore
    arg [-export-dynamic] ==> ignore
    arg [-dynamic-linker] ==> ignore
    arg [/lib/ld-linux-armhf.so.3] ==> ignore
    arg [-X] ==> ignore
    arg [-m] ==> ignore
    arg [armelf_linux_eabi] ==> ignore
    arg [-o] ==> ignore
    arg [cmTC_55dcc] ==> ignore
    arg [/home/naveen/workspace/ML_03/buildroot-wpe/output/host/usr/arm-buildroot-linux-gnueabihf/sysroot/usr/lib/crt1.o] ==> ignore
    arg [/home/naveen/workspace/ML_03/buildroot-wpe/output/host/usr/arm-buildroot-linux-gnueabihf/sysroot/usr/lib/crti.o] ==> ignore
    arg [/home/naveen/workspace/ML_03/buildroot-wpe/output/host/usr/lib/gcc/arm-buildroot-linux-gnueabihf/4.9.3/crtbegin.o] ==> ignore
    arg [-L/home/naveen/workspace/ML_03/buildroot-wpe/output/host/usr/lib/gcc/arm-buildroot-linux-gnueabihf/4.9.3] ==> dir [/home/naveen/workspace/ML_03/buildroot-wpe/output/host/usr/lib/gcc/arm-buildroot-linux-gnueabihf/4.9.3]
    arg [-L/home/naveen/workspace/ML_03/buildroot-wpe/output/host/usr/lib/gcc/arm-buildroot-linux-gnueabihf/4.9.3/../../../../arm-buildroot-linux-gnueabihf/lib] ==> dir [/home/naveen/workspace/ML_03/buildroot-wpe/output/host/usr/lib/gcc/arm-buildroot-linux-gnueabihf/4.9.3/../../../../arm-buildroot-linux-gnueabihf/lib]
    arg [-L/home/naveen/workspace/ML_03/buildroot-wpe/output/host/usr/arm-buildroot-linux-gnueabihf/sysroot/lib] ==> dir [/home/naveen/workspace/ML_03/buildroot-wpe/output/host/usr/arm-buildroot-linux-gnueabihf/sysroot/lib]
    arg [-L/home/naveen/workspace/ML_03/buildroot-wpe/output/host/usr/arm-buildroot-linux-gnueabihf/sysroot/usr/lib] ==> dir [/home/naveen/workspace/ML_03/buildroot-wpe/output/host/usr/arm-buildroot-linux-gnueabihf/sysroot/usr/lib]
    arg [CMakeFiles/cmTC_55dcc.dir/CMakeCCompilerABI.c.o] ==> ignore
    arg [-lgcc] ==> lib [gcc]
    arg [--as-needed] ==> ignore
    arg [-lgcc_s] ==> lib [gcc_s]
    arg [--no-as-needed] ==> ignore
    arg [-lc] ==> lib [c]
    arg [-lgcc] ==> lib [gcc]
    arg [--as-needed] ==> ignore
    arg [-lgcc_s] ==> lib [gcc_s]
    arg [--no-as-needed] ==> ignore
    arg [/home/naveen/workspace/ML_03/buildroot-wpe/output/host/usr/lib/gcc/arm-buildroot-linux-gnueabihf/4.9.3/crtend.o] ==> ignore
    arg [/home/naveen/workspace/ML_03/buildroot-wpe/output/host/usr/arm-buildroot-linux-gnueabihf/sysroot/usr/lib/crtn.o] ==> ignore
  remove lib [gcc]
  remove lib [gcc_s]
  remove lib [gcc]
  remove lib [gcc_s]
  collapse library dir [/home/naveen/workspace/ML_03/buildroot-wpe/output/host/usr/lib/gcc/arm-buildroot-linux-gnueabihf/4.9.3] ==> [/home/naveen/workspace/ML_03/buildroot-wpe/output/host/usr/lib/gcc/arm-buildroot-linux-gnueabihf/4.9.3]
  collapse library dir [/home/naveen/workspace/ML_03/buildroot-wpe/output/host/usr/lib/gcc/arm-buildroot-linux-gnueabihf/4.9.3/../../../../arm-buildroot-linux-gnueabihf/lib] ==> [/home/naveen/workspace/ML_03/buildroot-wpe/output/host/usr/arm-buildroot-linux-gnueabihf/lib]
  collapse library dir [/home/naveen/workspace/ML_03/buildroot-wpe/output/host/usr/arm-buildroot-linux-gnueabihf/sysroot/lib] ==> [/home/naveen/workspace/ML_03/buildroot-wpe/output/host/usr/arm-buildroot-linux-gnueabihf/sysroot/lib]
  collapse library dir [/home/naveen/workspace/ML_03/buildroot-wpe/output/host/usr/arm-buildroot-linux-gnueabihf/sysroot/usr/lib] ==> [/home/naveen/workspace/ML_03/buildroot-wpe/output/host/usr/arm-buildroot-linux-gnueabihf/sysroot/usr/lib]
  implicit libs: [c]
  implicit dirs: [/home/naveen/workspace/ML_03/buildroot-wpe/output/host/usr/lib/gcc/arm-buildroot-linux-gnueabihf/4.9.3;/home/naveen/workspace/ML_03/buildroot-wpe/output/host/usr/arm-buildroot-linux-gnueabihf/lib;/home/naveen/workspace/ML_03/buildroot-wpe/output/host/usr/arm-buildroot-linux-gnueabihf/sysroot/lib;/home/naveen/workspace/ML_03/buildroot-wpe/output/host/usr/arm-buildroot-linux-gnueabihf/sysroot/usr/lib]
  implicit fwks: []




Detecting C [-std=c11] compiler features compiled with the following output:
Change Dir: /home/naveen/workspace/ML_03/buildroot-wpe/output/build/wpe-9d4c9c472778d89386fa3533f95f6b8e8c203894/build-Release/CMakeFiles/CMakeTmp

Run Build Command:"/home/naveen/workspace/ML_03/buildroot-wpe/output/host/usr/bin/ninja" "cmTC_d6a5f"
[1/2] Building C object CMakeFiles/cmTC_d6a5f.dir/feature_tests.c.o
[2/2] Linking C executable cmTC_d6a5f


    Feature record: C_FEATURE:1c_function_prototypes
    Feature record: C_FEATURE:1c_restrict
    Feature record: C_FEATURE:1c_static_assert
    Feature record: C_FEATURE:1c_variadic_macros


Detecting C [-std=c99] compiler features compiled with the following output:
Change Dir: /home/naveen/workspace/ML_03/buildroot-wpe/output/build/wpe-9d4c9c472778d89386fa3533f95f6b8e8c203894/build-Release/CMakeFiles/CMakeTmp

Run Build Command:"/home/naveen/workspace/ML_03/buildroot-wpe/output/host/usr/bin/ninja" "cmTC_ee37f"
[1/2] Building C object CMakeFiles/cmTC_ee37f.dir/feature_tests.c.o
[2/2] Linking C executable cmTC_ee37f


    Feature record: C_FEATURE:1c_function_prototypes
    Feature record: C_FEATURE:1c_restrict
    Feature record: C_FEATURE:0c_static_assert
    Feature record: C_FEATURE:1c_variadic_macros


Detecting C [-std=c90] compiler features compiled with the following output:
Change Dir: /home/naveen/workspace/ML_03/buildroot-wpe/output/build/wpe-9d4c9c472778d89386fa3533f95f6b8e8c203894/build-Release/CMakeFiles/CMakeTmp

Run Build Command:"/home/naveen/workspace/ML_03/buildroot-wpe/output/host/usr/bin/ninja" "cmTC_23168"
[1/2] Building C object CMakeFiles/cmTC_23168.dir/feature_tests.c.o
[2/2] Linking C executable cmTC_23168


    Feature record: C_FEATURE:1c_function_prototypes
    Feature record: C_FEATURE:0c_restrict
    Feature record: C_FEATURE:0c_static_assert
    Feature record: C_FEATURE:0c_variadic_macros
Determining if the CXX compiler works passed with the following output:
Change Dir: /home/naveen/workspace/ML_03/buildroot-wpe/output/build/wpe-9d4c9c472778d89386fa3533f95f6b8e8c203894/build-Release/CMakeFiles/CMakeTmp

Run Build Command:"/home/naveen/workspace/ML_03/buildroot-wpe/output/host/usr/bin/ninja" "cmTC_68b2b"
[1/2] Building CXX object CMakeFiles/cmTC_68b2b.dir/testCXXCompiler.cxx.o
[2/2] Linking CXX executable cmTC_68b2b


Detecting CXX compiler ABI info compiled with the following output:
Change Dir: /home/naveen/workspace/ML_03/buildroot-wpe/output/build/wpe-9d4c9c472778d89386fa3533f95f6b8e8c203894/build-Release/CMakeFiles/CMakeTmp

Run Build Command:"/home/naveen/workspace/ML_03/buildroot-wpe/output/host/usr/bin/ninja" "cmTC_372d0"
[1/2] Building CXX object CMakeFiles/cmTC_372d0.dir/CMakeCXXCompilerABI.cpp.o
[2/2] Linking CXX executable cmTC_372d0
Using built-in specs.
COLLECT_GCC=/home/naveen/workspace/ML_03/buildroot-wpe/output/host/usr/bin/arm-buildroot-linux-gnueabihf-g++.br_real
COLLECT_LTO_WRAPPER=/home/naveen/workspace/ML_03/buildroot-wpe/output/host/usr/libexec/gcc/arm-buildroot-linux-gnueabihf/4.9.3/lto-wrapper
Target: arm-buildroot-linux-gnueabihf
Configured with: ./configure --prefix=/home/naveen/workspace/ML_03/buildroot-wpe/output/host/usr --sysconfdir=/home/naveen/workspace/ML_03/buildroot-wpe/output/host/etc --enable-static --target=arm-buildroot-linux-gnueabihf --with-sysroot=/home/naveen/workspace/ML_03/buildroot-wpe/output/host/usr/arm-buildroot-linux-gnueabihf/sysroot --disable-__cxa_atexit --with-gnu-ld --disable-libssp --disable-multilib --with-gmp=/home/naveen/workspace/ML_03/buildroot-wpe/output/host/usr --with-mpfr=/home/naveen/workspace/ML_03/buildroot-wpe/output/host/usr --with-pkgversion='Buildroot 2016.08-git-08631-ge5cafd0' --with-bugurl=http://bugs.buildroot.net/ --disable-libquadmath --enable-tls --disable-libmudflap --enable-threads --with-mpc=/home/naveen/workspace/ML_03/buildroot-wpe/output/host/usr --without-isl --without-cloog --disable-decimal-float --with-abi=aapcs-linux --with-cpu=cortex-a7 --with-fpu=neon-vfpv4 --with-float=hard --with-mode=thumb --enable-languages=c,c++ --with-build-time-tools=/home/naveen/workspace/ML_03/buildroot-wpe/output/host/usr/arm-buildroot-linux-gnueabihf/bin --enable-shared --disable-libgomp
Thread model: posix
gcc version 4.9.3 (Buildroot 2016.08-git-08631-ge5cafd0) 
COMPILER_PATH=/home/naveen/workspace/ML_03/buildroot-wpe/output/host/usr/libexec/gcc/arm-buildroot-linux-gnueabihf/4.9.3/:/home/naveen/workspace/ML_03/buildroot-wpe/output/host/usr/libexec/gcc/arm-buildroot-linux-gnueabihf/4.9.3/:/home/naveen/workspace/ML_03/buildroot-wpe/output/host/usr/libexec/gcc/arm-buildroot-linux-gnueabihf/:/home/naveen/workspace/ML_03/buildroot-wpe/output/host/usr/lib/gcc/arm-buildroot-linux-gnueabihf/4.9.3/:/home/naveen/workspace/ML_03/buildroot-wpe/output/host/usr/lib/gcc/arm-buildroot-linux-gnueabihf/:/home/naveen/workspace/ML_03/buildroot-wpe/output/host/usr/lib/gcc/arm-buildroot-linux-gnueabihf/4.9.3/../../../../arm-buildroot-linux-gnueabihf/bin/
LIBRARY_PATH=/home/naveen/workspace/ML_03/buildroot-wpe/output/host/usr/lib/gcc/arm-buildroot-linux-gnueabihf/4.9.3/:/home/naveen/workspace/ML_03/buildroot-wpe/output/host/usr/lib/gcc/arm-buildroot-linux-gnueabihf/4.9.3/../../../../arm-buildroot-linux-gnueabihf/lib/:/home/naveen/workspace/ML_03/buildroot-wpe/output/host/usr/arm-buildroot-linux-gnueabihf/sysroot/lib/:/home/naveen/workspace/ML_03/buildroot-wpe/output/host/usr/arm-buildroot-linux-gnueabihf/sysroot/usr/lib/
COLLECT_GCC_OPTIONS='-D' '_LARGEFILE_SOURCE' '-D' '_LARGEFILE64_SOURCE' '-D' '_FILE_OFFSET_BITS=64' '-Os' '-v' '-o' 'cmTC_372d0' '-rdynamic' '-shared-libgcc' '-mcpu=cortex-a7' '-mfloat-abi=hard' '-mfpu=neon-vfpv4' '-mabi=aapcs-linux' '-mthumb' '-mtls-dialect=gnu'
 /home/naveen/workspace/ML_03/buildroot-wpe/output/host/usr/libexec/gcc/arm-buildroot-linux-gnueabihf/4.9.3/collect2 -plugin /home/naveen/workspace/ML_03/buildroot-wpe/output/host/usr/libexec/gcc/arm-buildroot-linux-gnueabihf/4.9.3/liblto_plugin.so -plugin-opt=/home/naveen/workspace/ML_03/buildroot-wpe/output/host/usr/libexec/gcc/arm-buildroot-linux-gnueabihf/4.9.3/lto-wrapper -plugin-opt=-fresolution=/tmp/ccejAxNq.res -plugin-opt=-pass-through=-lgcc_s -plugin-opt=-pass-through=-lgcc -plugin-opt=-pass-through=-lc -plugin-opt=-pass-through=-lgcc_s -plugin-opt=-pass-through=-lgcc --sysroot=/home/naveen/workspace/ML_03/buildroot-wpe/output/host/usr/arm-buildroot-linux-gnueabihf/sysroot --eh-frame-hdr -export-dynamic -dynamic-linker /lib/ld-linux-armhf.so.3 -X -m armelf_linux_eabi -o cmTC_372d0 /home/naveen/workspace/ML_03/buildroot-wpe/output/host/usr/arm-buildroot-linux-gnueabihf/sysroot/usr/lib/crt1.o /home/naveen/workspace/ML_03/buildroot-wpe/output/host/usr/arm-buildroot-linux-gnueabihf/sysroot/usr/lib/crti.o /home/naveen/workspace/ML_03/buildroot-wpe/output/host/usr/lib/gcc/arm-buildroot-linux-gnueabihf/4.9.3/crtbegin.o -L/home/naveen/workspace/ML_03/buildroot-wpe/output/host/usr/lib/gcc/arm-buildroot-linux-gnueabihf/4.9.3 -L/home/naveen/workspace/ML_03/buildroot-wpe/output/host/usr/lib/gcc/arm-buildroot-linux-gnueabihf/4.9.3/../../../../arm-buildroot-linux-gnueabihf/lib -L/home/naveen/workspace/ML_03/buildroot-wpe/output/host/usr/arm-buildroot-linux-gnueabihf/sysroot/lib -L/home/naveen/workspace/ML_03/buildroot-wpe/output/host/usr/arm-buildroot-linux-gnueabihf/sysroot/usr/lib CMakeFiles/cmTC_372d0.dir/CMakeCXXCompilerABI.cpp.o -lstdc++ -lm -lgcc_s -lgcc -lc -lgcc_s -lgcc /home/naveen/workspace/ML_03/buildroot-wpe/output/host/usr/lib/gcc/arm-buildroot-linux-gnueabihf/4.9.3/crtend.o /home/naveen/workspace/ML_03/buildroot-wpe/output/host/usr/arm-buildroot-linux-gnueabihf/sysroot/usr/lib/crtn.o


Parsed CXX implicit link information from above output:
  link line regex: [^( *|.*[/\])(arm-buildroot-linux-gnueabihf-ld|([^/\]+-)?ld|collect2)[^/\]*( |$)]
  ignore line: [Change Dir: /home/naveen/workspace/ML_03/buildroot-wpe/output/build/wpe-9d4c9c472778d89386fa3533f95f6b8e8c203894/build-Release/CMakeFiles/CMakeTmp]
  ignore line: []
  ignore line: [Run Build Command:"/home/naveen/workspace/ML_03/buildroot-wpe/output/host/usr/bin/ninja" "cmTC_372d0"]
  ignore line: [[1/2] Building CXX object CMakeFiles/cmTC_372d0.dir/CMakeCXXCompilerABI.cpp.o]
  ignore line: [[2/2] Linking CXX executable cmTC_372d0]
  ignore line: [Using built-in specs.]
  ignore line: [COLLECT_GCC=/home/naveen/workspace/ML_03/buildroot-wpe/output/host/usr/bin/arm-buildroot-linux-gnueabihf-g++.br_real]
  ignore line: [COLLECT_LTO_WRAPPER=/home/naveen/workspace/ML_03/buildroot-wpe/output/host/usr/libexec/gcc/arm-buildroot-linux-gnueabihf/4.9.3/lto-wrapper]
  ignore line: [Target: arm-buildroot-linux-gnueabihf]
  ignore line: [Configured with: ./configure --prefix=/home/naveen/workspace/ML_03/buildroot-wpe/output/host/usr --sysconfdir=/home/naveen/workspace/ML_03/buildroot-wpe/output/host/etc --enable-static --target=arm-buildroot-linux-gnueabihf --with-sysroot=/home/naveen/workspace/ML_03/buildroot-wpe/output/host/usr/arm-buildroot-linux-gnueabihf/sysroot --disable-__cxa_atexit --with-gnu-ld --disable-libssp --disable-multilib --with-gmp=/home/naveen/workspace/ML_03/buildroot-wpe/output/host/usr --with-mpfr=/home/naveen/workspace/ML_03/buildroot-wpe/output/host/usr --with-pkgversion='Buildroot 2016.08-git-08631-ge5cafd0' --with-bugurl=http://bugs.buildroot.net/ --disable-libquadmath --enable-tls --disable-libmudflap --enable-threads --with-mpc=/home/naveen/workspace/ML_03/buildroot-wpe/output/host/usr --without-isl --without-cloog --disable-decimal-float --with-abi=aapcs-linux --with-cpu=cortex-a7 --with-fpu=neon-vfpv4 --with-float=hard --with-mode=thumb --enable-languages=c,c++ --with-build-time-tools=/home/naveen/workspace/ML_03/buildroot-wpe/output/host/usr/arm-buildroot-linux-gnueabihf/bin --enable-shared --disable-libgomp]
  ignore line: [Thread model: posix]
  ignore line: [gcc version 4.9.3 (Buildroot 2016.08-git-08631-ge5cafd0) ]
  ignore line: [COMPILER_PATH=/home/naveen/workspace/ML_03/buildroot-wpe/output/host/usr/libexec/gcc/arm-buildroot-linux-gnueabihf/4.9.3/:/home/naveen/workspace/ML_03/buildroot-wpe/output/host/usr/libexec/gcc/arm-buildroot-linux-gnueabihf/4.9.3/:/home/naveen/workspace/ML_03/buildroot-wpe/output/host/usr/libexec/gcc/arm-buildroot-linux-gnueabihf/:/home/naveen/workspace/ML_03/buildroot-wpe/output/host/usr/lib/gcc/arm-buildroot-linux-gnueabihf/4.9.3/:/home/naveen/workspace/ML_03/buildroot-wpe/output/host/usr/lib/gcc/arm-buildroot-linux-gnueabihf/:/home/naveen/workspace/ML_03/buildroot-wpe/output/host/usr/lib/gcc/arm-buildroot-linux-gnueabihf/4.9.3/../../../../arm-buildroot-linux-gnueabihf/bin/]
  ignore line: [LIBRARY_PATH=/home/naveen/workspace/ML_03/buildroot-wpe/output/host/usr/lib/gcc/arm-buildroot-linux-gnueabihf/4.9.3/:/home/naveen/workspace/ML_03/buildroot-wpe/output/host/usr/lib/gcc/arm-buildroot-linux-gnueabihf/4.9.3/../../../../arm-buildroot-linux-gnueabihf/lib/:/home/naveen/workspace/ML_03/buildroot-wpe/output/host/usr/arm-buildroot-linux-gnueabihf/sysroot/lib/:/home/naveen/workspace/ML_03/buildroot-wpe/output/host/usr/arm-buildroot-linux-gnueabihf/sysroot/usr/lib/]
  ignore line: [COLLECT_GCC_OPTIONS='-D' '_LARGEFILE_SOURCE' '-D' '_LARGEFILE64_SOURCE' '-D' '_FILE_OFFSET_BITS=64' '-Os' '-v' '-o' 'cmTC_372d0' '-rdynamic' '-shared-libgcc' '-mcpu=cortex-a7' '-mfloat-abi=hard' '-mfpu=neon-vfpv4' '-mabi=aapcs-linux' '-mthumb' '-mtls-dialect=gnu']
  link line: [ /home/naveen/workspace/ML_03/buildroot-wpe/output/host/usr/libexec/gcc/arm-buildroot-linux-gnueabihf/4.9.3/collect2 -plugin /home/naveen/workspace/ML_03/buildroot-wpe/output/host/usr/libexec/gcc/arm-buildroot-linux-gnueabihf/4.9.3/liblto_plugin.so -plugin-opt=/home/naveen/workspace/ML_03/buildroot-wpe/output/host/usr/libexec/gcc/arm-buildroot-linux-gnueabihf/4.9.3/lto-wrapper -plugin-opt=-fresolution=/tmp/ccejAxNq.res -plugin-opt=-pass-through=-lgcc_s -plugin-opt=-pass-through=-lgcc -plugin-opt=-pass-through=-lc -plugin-opt=-pass-through=-lgcc_s -plugin-opt=-pass-through=-lgcc --sysroot=/home/naveen/workspace/ML_03/buildroot-wpe/output/host/usr/arm-buildroot-linux-gnueabihf/sysroot --eh-frame-hdr -export-dynamic -dynamic-linker /lib/ld-linux-armhf.so.3 -X -m armelf_linux_eabi -o cmTC_372d0 /home/naveen/workspace/ML_03/buildroot-wpe/output/host/usr/arm-buildroot-linux-gnueabihf/sysroot/usr/lib/crt1.o /home/naveen/workspace/ML_03/buildroot-wpe/output/host/usr/arm-buildroot-linux-gnueabihf/sysroot/usr/lib/crti.o /home/naveen/workspace/ML_03/buildroot-wpe/output/host/usr/lib/gcc/arm-buildroot-linux-gnueabihf/4.9.3/crtbegin.o -L/home/naveen/workspace/ML_03/buildroot-wpe/output/host/usr/lib/gcc/arm-buildroot-linux-gnueabihf/4.9.3 -L/home/naveen/workspace/ML_03/buildroot-wpe/output/host/usr/lib/gcc/arm-buildroot-linux-gnueabihf/4.9.3/../../../../arm-buildroot-linux-gnueabihf/lib -L/home/naveen/workspace/ML_03/buildroot-wpe/output/host/usr/arm-buildroot-linux-gnueabihf/sysroot/lib -L/home/naveen/workspace/ML_03/buildroot-wpe/output/host/usr/arm-buildroot-linux-gnueabihf/sysroot/usr/lib CMakeFiles/cmTC_372d0.dir/CMakeCXXCompilerABI.cpp.o -lstdc++ -lm -lgcc_s -lgcc -lc -lgcc_s -lgcc /home/naveen/workspace/ML_03/buildroot-wpe/output/host/usr/lib/gcc/arm-buildroot-linux-gnueabihf/4.9.3/crtend.o /home/naveen/workspace/ML_03/buildroot-wpe/output/host/usr/arm-buildroot-linux-gnueabihf/sysroot/usr/lib/crtn.o]
    arg [/home/naveen/workspace/ML_03/buildroot-wpe/output/host/usr/libexec/gcc/arm-buildroot-linux-gnueabihf/4.9.3/collect2] ==> ignore
    arg [-plugin] ==> ignore
    arg [/home/naveen/workspace/ML_03/buildroot-wpe/output/host/usr/libexec/gcc/arm-buildroot-linux-gnueabihf/4.9.3/liblto_plugin.so] ==> ignore
    arg [-plugin-opt=/home/naveen/workspace/ML_03/buildroot-wpe/output/host/usr/libexec/gcc/arm-buildroot-linux-gnueabihf/4.9.3/lto-wrapper] ==> ignore
    arg [-plugin-opt=-fresolution=/tmp/ccejAxNq.res] ==> ignore
    arg [-plugin-opt=-pass-through=-lgcc_s] ==> ignore
    arg [-plugin-opt=-pass-through=-lgcc] ==> ignore
    arg [-plugin-opt=-pass-through=-lc] ==> ignore
    arg [-plugin-opt=-pass-through=-lgcc_s] ==> ignore
    arg [-plugin-opt=-pass-through=-lgcc] ==> ignore
    arg [--sysroot=/home/naveen/workspace/ML_03/buildroot-wpe/output/host/usr/arm-buildroot-linux-gnueabihf/sysroot] ==> ignore
    arg [--eh-frame-hdr] ==> ignore
    arg [-export-dynamic] ==> ignore
    arg [-dynamic-linker] ==> ignore
    arg [/lib/ld-linux-armhf.so.3] ==> ignore
    arg [-X] ==> ignore
    arg [-m] ==> ignore
    arg [armelf_linux_eabi] ==> ignore
    arg [-o] ==> ignore
    arg [cmTC_372d0] ==> ignore
    arg [/home/naveen/workspace/ML_03/buildroot-wpe/output/host/usr/arm-buildroot-linux-gnueabihf/sysroot/usr/lib/crt1.o] ==> ignore
    arg [/home/naveen/workspace/ML_03/buildroot-wpe/output/host/usr/arm-buildroot-linux-gnueabihf/sysroot/usr/lib/crti.o] ==> ignore
    arg [/home/naveen/workspace/ML_03/buildroot-wpe/output/host/usr/lib/gcc/arm-buildroot-linux-gnueabihf/4.9.3/crtbegin.o] ==> ignore
    arg [-L/home/naveen/workspace/ML_03/buildroot-wpe/output/host/usr/lib/gcc/arm-buildroot-linux-gnueabihf/4.9.3] ==> dir [/home/naveen/workspace/ML_03/buildroot-wpe/output/host/usr/lib/gcc/arm-buildroot-linux-gnueabihf/4.9.3]
    arg [-L/home/naveen/workspace/ML_03/buildroot-wpe/output/host/usr/lib/gcc/arm-buildroot-linux-gnueabihf/4.9.3/../../../../arm-buildroot-linux-gnueabihf/lib] ==> dir [/home/naveen/workspace/ML_03/buildroot-wpe/output/host/usr/lib/gcc/arm-buildroot-linux-gnueabihf/4.9.3/../../../../arm-buildroot-linux-gnueabihf/lib]
    arg [-L/home/naveen/workspace/ML_03/buildroot-wpe/output/host/usr/arm-buildroot-linux-gnueabihf/sysroot/lib] ==> dir [/home/naveen/workspace/ML_03/buildroot-wpe/output/host/usr/arm-buildroot-linux-gnueabihf/sysroot/lib]
    arg [-L/home/naveen/workspace/ML_03/buildroot-wpe/output/host/usr/arm-buildroot-linux-gnueabihf/sysroot/usr/lib] ==> dir [/home/naveen/workspace/ML_03/buildroot-wpe/output/host/usr/arm-buildroot-linux-gnueabihf/sysroot/usr/lib]
    arg [CMakeFiles/cmTC_372d0.dir/CMakeCXXCompilerABI.cpp.o] ==> ignore
    arg [-lstdc++] ==> lib [stdc++]
    arg [-lm] ==> lib [m]
    arg [-lgcc_s] ==> lib [gcc_s]
    arg [-lgcc] ==> lib [gcc]
    arg [-lc] ==> lib [c]
    arg [-lgcc_s] ==> lib [gcc_s]
    arg [-lgcc] ==> lib [gcc]
    arg [/home/naveen/workspace/ML_03/buildroot-wpe/output/host/usr/lib/gcc/arm-buildroot-linux-gnueabihf/4.9.3/crtend.o] ==> ignore
    arg [/home/naveen/workspace/ML_03/buildroot-wpe/output/host/usr/arm-buildroot-linux-gnueabihf/sysroot/usr/lib/crtn.o] ==> ignore
  remove lib [gcc_s]
  remove lib [gcc]
  remove lib [gcc_s]
  remove lib [gcc]
  collapse library dir [/home/naveen/workspace/ML_03/buildroot-wpe/output/host/usr/lib/gcc/arm-buildroot-linux-gnueabihf/4.9.3] ==> [/home/naveen/workspace/ML_03/buildroot-wpe/output/host/usr/lib/gcc/arm-buildroot-linux-gnueabihf/4.9.3]
  collapse library dir [/home/naveen/workspace/ML_03/buildroot-wpe/output/host/usr/lib/gcc/arm-buildroot-linux-gnueabihf/4.9.3/../../../../arm-buildroot-linux-gnueabihf/lib] ==> [/home/naveen/workspace/ML_03/buildroot-wpe/output/host/usr/arm-buildroot-linux-gnueabihf/lib]
  collapse library dir [/home/naveen/workspace/ML_03/buildroot-wpe/output/host/usr/arm-buildroot-linux-gnueabihf/sysroot/lib] ==> [/home/naveen/workspace/ML_03/buildroot-wpe/output/host/usr/arm-buildroot-linux-gnueabihf/sysroot/lib]
  collapse library dir [/home/naveen/workspace/ML_03/buildroot-wpe/output/host/usr/arm-buildroot-linux-gnueabihf/sysroot/usr/lib] ==> [/home/naveen/workspace/ML_03/buildroot-wpe/output/host/usr/arm-buildroot-linux-gnueabihf/sysroot/usr/lib]
  implicit libs: [stdc++;m;c]
  implicit dirs: [/home/naveen/workspace/ML_03/buildroot-wpe/output/host/usr/lib/gcc/arm-buildroot-linux-gnueabihf/4.9.3;/home/naveen/workspace/ML_03/buildroot-wpe/output/host/usr/arm-buildroot-linux-gnueabihf/lib;/home/naveen/workspace/ML_03/buildroot-wpe/output/host/usr/arm-buildroot-linux-gnueabihf/sysroot/lib;/home/naveen/workspace/ML_03/buildroot-wpe/output/host/usr/arm-buildroot-linux-gnueabihf/sysroot/usr/lib]
  implicit fwks: []




Detecting CXX [-std=c++14] compiler features compiled with the following output:
Change Dir: /home/naveen/workspace/ML_03/buildroot-wpe/output/build/wpe-9d4c9c472778d89386fa3533f95f6b8e8c203894/build-Release/CMakeFiles/CMakeTmp

Run Build Command:"/home/naveen/workspace/ML_03/buildroot-wpe/output/host/usr/bin/ninja" "cmTC_5907e"
[1/2] Building CXX object CMakeFiles/cmTC_5907e.dir/feature_tests.cxx.o
[2/2] Linking CXX executable cmTC_5907e


    Feature record: CXX_FEATURE:0cxx_aggregate_default_initializers
    Feature record: CXX_FEATURE:1cxx_alias_templates
    Feature record: CXX_FEATURE:1cxx_alignas
    Feature record: CXX_FEATURE:1cxx_alignof
    Feature record: CXX_FEATURE:1cxx_attributes
    Feature record: CXX_FEATURE:1cxx_attribute_deprecated
    Feature record: CXX_FEATURE:1cxx_auto_type
    Feature record: CXX_FEATURE:1cxx_binary_literals
    Feature record: CXX_FEATURE:1cxx_constexpr
    Feature record: CXX_FEATURE:1cxx_contextual_conversions
    Feature record: CXX_FEATURE:1cxx_decltype
    Feature record: CXX_FEATURE:1cxx_decltype_auto
    Feature record: CXX_FEATURE:1cxx_decltype_incomplete_return_types
    Feature record: CXX_FEATURE:1cxx_default_function_template_args
    Feature record: CXX_FEATURE:1cxx_defaulted_functions
    Feature record: CXX_FEATURE:1cxx_defaulted_move_initializers
    Feature record: CXX_FEATURE:1cxx_delegating_constructors
    Feature record: CXX_FEATURE:1cxx_deleted_functions
    Feature record: CXX_FEATURE:1cxx_digit_separators
    Feature record: CXX_FEATURE:1cxx_enum_forward_declarations
    Feature record: CXX_FEATURE:1cxx_explicit_conversions
    Feature record: CXX_FEATURE:1cxx_extended_friend_declarations
    Feature record: CXX_FEATURE:1cxx_extern_templates
    Feature record: CXX_FEATURE:1cxx_final
    Feature record: CXX_FEATURE:1cxx_func_identifier
    Feature record: CXX_FEATURE:1cxx_generalized_initializers
    Feature record: CXX_FEATURE:1cxx_generic_lambdas
    Feature record: CXX_FEATURE:1cxx_inheriting_constructors
    Feature record: CXX_FEATURE:1cxx_inline_namespaces
    Feature record: CXX_FEATURE:1cxx_lambdas
    Feature record: CXX_FEATURE:1cxx_lambda_init_captures
    Feature record: CXX_FEATURE:1cxx_local_type_template_args
    Feature record: CXX_FEATURE:1cxx_long_long_type
    Feature record: CXX_FEATURE:1cxx_noexcept
    Feature record: CXX_FEATURE:1cxx_nonstatic_member_init
    Feature record: CXX_FEATURE:1cxx_nullptr
    Feature record: CXX_FEATURE:1cxx_override
    Feature record: CXX_FEATURE:1cxx_range_for
    Feature record: CXX_FEATURE:1cxx_raw_string_literals
    Feature record: CXX_FEATURE:1cxx_reference_qualified_functions
    Feature record: CXX_FEATURE:0cxx_relaxed_constexpr
    Feature record: CXX_FEATURE:1cxx_return_type_deduction
    Feature record: CXX_FEATURE:1cxx_right_angle_brackets
    Feature record: CXX_FEATURE:1cxx_rvalue_references
    Feature record: CXX_FEATURE:1cxx_sizeof_member
    Feature record: CXX_FEATURE:1cxx_static_assert
    Feature record: CXX_FEATURE:1cxx_strong_enums
    Feature record: CXX_FEATURE:1cxx_template_template_parameters
    Feature record: CXX_FEATURE:1cxx_thread_local
    Feature record: CXX_FEATURE:1cxx_trailing_return_types
    Feature record: CXX_FEATURE:1cxx_unicode_literals
    Feature record: CXX_FEATURE:1cxx_uniform_initialization
    Feature record: CXX_FEATURE:1cxx_unrestricted_unions
    Feature record: CXX_FEATURE:1cxx_user_literals
    Feature record: CXX_FEATURE:0cxx_variable_templates
    Feature record: CXX_FEATURE:1cxx_variadic_macros
    Feature record: CXX_FEATURE:1cxx_variadic_templates


Detecting CXX [-std=c++11] compiler features compiled with the following output:
Change Dir: /home/naveen/workspace/ML_03/buildroot-wpe/output/build/wpe-9d4c9c472778d89386fa3533f95f6b8e8c203894/build-Release/CMakeFiles/CMakeTmp

Run Build Command:"/home/naveen/workspace/ML_03/buildroot-wpe/output/host/usr/bin/ninja" "cmTC_1c691"
[1/2] Building CXX object CMakeFiles/cmTC_1c691.dir/feature_tests.cxx.o
[2/2] Linking CXX executable cmTC_1c691


    Feature record: CXX_FEATURE:0cxx_aggregate_default_initializers
    Feature record: CXX_FEATURE:1cxx_alias_templates
    Feature record: CXX_FEATURE:1cxx_alignas
    Feature record: CXX_FEATURE:1cxx_alignof
    Feature record: CXX_FEATURE:1cxx_attributes
    Feature record: CXX_FEATURE:0cxx_attribute_deprecated
    Feature record: CXX_FEATURE:1cxx_auto_type
    Feature record: CXX_FEATURE:0cxx_binary_literals
    Feature record: CXX_FEATURE:1cxx_constexpr
    Feature record: CXX_FEATURE:0cxx_contextual_conversions
    Feature record: CXX_FEATURE:1cxx_decltype
    Feature record: CXX_FEATURE:0cxx_decltype_auto
    Feature record: CXX_FEATURE:1cxx_decltype_incomplete_return_types
    Feature record: CXX_FEATURE:1cxx_default_function_template_args
    Feature record: CXX_FEATURE:1cxx_defaulted_functions
    Feature record: CXX_FEATURE:1cxx_defaulted_move_initializers
    Feature record: CXX_FEATURE:1cxx_delegating_constructors
    Feature record: CXX_FEATURE:1cxx_deleted_functions
    Feature record: CXX_FEATURE:0cxx_digit_separators
    Feature record: CXX_FEATURE:1cxx_enum_forward_declarations
    Feature record: CXX_FEATURE:1cxx_explicit_conversions
    Feature record: CXX_FEATURE:1cxx_extended_friend_declarations
    Feature record: CXX_FEATURE:1cxx_extern_templates
    Feature record: CXX_FEATURE:1cxx_final
    Feature record: CXX_FEATURE:1cxx_func_identifier
    Feature record: CXX_FEATURE:1cxx_generalized_initializers
    Feature record: CXX_FEATURE:0cxx_generic_lambdas
    Feature record: CXX_FEATURE:1cxx_inheriting_constructors
    Feature record: CXX_FEATURE:1cxx_inline_namespaces
    Feature record: CXX_FEATURE:1cxx_lambdas
    Feature record: CXX_FEATURE:0cxx_lambda_init_captures
    Feature record: CXX_FEATURE:1cxx_local_type_template_args
    Feature record: CXX_FEATURE:1cxx_long_long_type
    Feature record: CXX_FEATURE:1cxx_noexcept
    Feature record: CXX_FEATURE:1cxx_nonstatic_member_init
    Feature record: CXX_FEATURE:1cxx_nullptr
    Feature record: CXX_FEATURE:1cxx_override
    Feature record: CXX_FEATURE:1cxx_range_for
    Feature record: CXX_FEATURE:1cxx_raw_string_literals
    Feature record: CXX_FEATURE:1cxx_reference_qualified_functions
    Feature record: CXX_FEATURE:0cxx_relaxed_constexpr
    Feature record: CXX_FEATURE:0cxx_return_type_deduction
    Feature record: CXX_FEATURE:1cxx_right_angle_brackets
    Feature record: CXX_FEATURE:1cxx_rvalue_references
    Feature record: CXX_FEATURE:1cxx_sizeof_member
    Feature record: CXX_FEATURE:1cxx_static_assert
    Feature record: CXX_FEATURE:1cxx_strong_enums
    Feature record: CXX_FEATURE:1cxx_template_template_parameters
    Feature record: CXX_FEATURE:1cxx_thread_local
    Feature record: CXX_FEATURE:1cxx_trailing_return_types
    Feature record: CXX_FEATURE:1cxx_unicode_literals
    Feature record: CXX_FEATURE:1cxx_uniform_initialization
    Feature record: CXX_FEATURE:1cxx_unrestricted_unions
    Feature record: CXX_FEATURE:1cxx_user_literals
    Feature record: CXX_FEATURE:0cxx_variable_templates
    Feature record: CXX_FEATURE:1cxx_variadic_macros
    Feature record: CXX_FEATURE:1cxx_variadic_templates


Detecting CXX [-std=c++98] compiler features compiled with the following output:
Change Dir: /home/naveen/workspace/ML_03/buildroot-wpe/output/build/wpe-9d4c9c472778d89386fa3533f95f6b8e8c203894/build-Release/CMakeFiles/CMakeTmp

Run Build Command:"/home/naveen/workspace/ML_03/buildroot-wpe/output/host/usr/bin/ninja" "cmTC_2c5fd"
[1/2] Building CXX object CMakeFiles/cmTC_2c5fd.dir/feature_tests.cxx.o
[2/2] Linking CXX executable cmTC_2c5fd


    Feature record: CXX_FEATURE:0cxx_aggregate_default_initializers
    Feature record: CXX_FEATURE:0cxx_alias_templates
    Feature record: CXX_FEATURE:0cxx_alignas
    Feature record: CXX_FEATURE:0cxx_alignof
    Feature record: CXX_FEATURE:0cxx_attributes
    Feature record: CXX_FEATURE:0cxx_attribute_deprecated
    Feature record: CXX_FEATURE:0cxx_auto_type
    Feature record: CXX_FEATURE:0cxx_binary_literals
    Feature record: CXX_FEATURE:0cxx_constexpr
    Feature record: CXX_FEATURE:0cxx_contextual_conversions
    Feature record: CXX_FEATURE:0cxx_decltype
    Feature record: CXX_FEATURE:0cxx_decltype_auto
    Feature record: CXX_FEATURE:0cxx_decltype_incomplete_return_types
    Feature record: CXX_FEATURE:0cxx_default_function_template_args
    Feature record: CXX_FEATURE:0cxx_defaulted_functions
    Feature record: CXX_FEATURE:0cxx_defaulted_move_initializers
    Feature record: CXX_FEATURE:0cxx_delegating_constructors
    Feature record: CXX_FEATURE:0cxx_deleted_functions
    Feature record: CXX_FEATURE:0cxx_digit_separators
    Feature record: CXX_FEATURE:0cxx_enum_forward_declarations
    Feature record: CXX_FEATURE:0cxx_explicit_conversions
    Feature record: CXX_FEATURE:0cxx_extended_friend_declarations
    Feature record: CXX_FEATURE:0cxx_extern_templates
    Feature record: CXX_FEATURE:0cxx_final
    Feature record: CXX_FEATURE:0cxx_func_identifier
    Feature record: CXX_FEATURE:0cxx_generalized_initializers
    Feature record: CXX_FEATURE:0cxx_generic_lambdas
    Feature record: CXX_FEATURE:0cxx_inheriting_constructors
    Feature record: CXX_FEATURE:0cxx_inline_namespaces
    Feature record: CXX_FEATURE:0cxx_lambdas
    Feature record: CXX_FEATURE:0cxx_lambda_init_captures
    Feature record: CXX_FEATURE:0cxx_local_type_template_args
    Feature record: CXX_FEATURE:0cxx_long_long_type
    Feature record: CXX_FEATURE:0cxx_noexcept
    Feature record: CXX_FEATURE:0cxx_nonstatic_member_init
    Feature record: CXX_FEATURE:0cxx_nullptr
    Feature record: CXX_FEATURE:0cxx_override
    Feature record: CXX_FEATURE:0cxx_range_for
    Feature record: CXX_FEATURE:0cxx_raw_string_literals
    Feature record: CXX_FEATURE:0cxx_reference_qualified_functions
    Feature record: CXX_FEATURE:0cxx_relaxed_constexpr
    Feature record: CXX_FEATURE:0cxx_return_type_deduction
    Feature record: CXX_FEATURE:0cxx_right_angle_brackets
    Feature record: CXX_FEATURE:0cxx_rvalue_references
    Feature record: CXX_FEATURE:0cxx_sizeof_member
    Feature record: CXX_FEATURE:0cxx_static_assert
    Feature record: CXX_FEATURE:0cxx_strong_enums
    Feature record: CXX_FEATURE:1cxx_template_template_parameters
    Feature record: CXX_FEATURE:0cxx_thread_local
    Feature record: CXX_FEATURE:0cxx_trailing_return_types
    Feature record: CXX_FEATURE:0cxx_unicode_literals
    Feature record: CXX_FEATURE:0cxx_uniform_initialization
    Feature record: CXX_FEATURE:0cxx_unrestricted_unions
    Feature record: CXX_FEATURE:0cxx_user_literals
    Feature record: CXX_FEATURE:0cxx_variable_templates
    Feature record: CXX_FEATURE:0cxx_variadic_macros
    Feature record: CXX_FEATURE:0cxx_variadic_templates
Determining if files features.h exist passed with the following output:
Change Dir: /home/naveen/workspace/ML_03/buildroot-wpe/output/build/wpe-9d4c9c472778d89386fa3533f95f6b8e8c203894/build-Release/CMakeFiles/CMakeTmp

Run Build Command:"/home/naveen/workspace/ML_03/buildroot-wpe/output/host/usr/bin/ninja" "cmTC_5042f"
[1/2] Building C object CMakeFiles/cmTC_5042f.dir/CheckIncludeFiles.c.o
[2/2] Linking C executable cmTC_5042f


Determining if the include file pthread.h exists passed with the following output:
Change Dir: /home/naveen/workspace/ML_03/buildroot-wpe/output/build/wpe-9d4c9c472778d89386fa3533f95f6b8e8c203894/build-Release/CMakeFiles/CMakeTmp

Run Build Command:"/home/naveen/workspace/ML_03/buildroot-wpe/output/host/usr/bin/ninja" "cmTC_5fb7c"
[1/2] Building C object CMakeFiles/cmTC_5fb7c.dir/CheckIncludeFile.c.o
[2/2] Linking C executable cmTC_5fb7c


Determining if the function pthread_create exists in the pthread passed with the following output:
Change Dir: /home/naveen/workspace/ML_03/buildroot-wpe/output/build/wpe-9d4c9c472778d89386fa3533f95f6b8e8c203894/build-Release/CMakeFiles/CMakeTmp

Run Build Command:"/home/naveen/workspace/ML_03/buildroot-wpe/output/host/usr/bin/ninja" "cmTC_fca32"
[1/2] Building C object CMakeFiles/cmTC_fca32.dir/CheckFunctionExists.c.o
[2/2] Linking C executable cmTC_fca32


